# JRE version: OpenJDK Runtime Environment Corretto-11.0.20.8.1 (11.0.20+8) (build 11.0.20+8-LTS)
# Java VM: OpenJDK 64-Bit Server VM Corretto-11.0.20.8.1 (11.0.20+8-LTS, mixed mode, tiered, compressed oops, g1 gc, windows-amd64)
Heap:
 garbage-first heap   total 73728K, used 42889K [0x00000000c5200000, 0x0000000100000000)
  region size 1024K, 32 young (32768K), 2 survivors (2048K)
 Metaspace       used 36845K, capacity 37781K, committed 37968K, reserved 1083392K
  class space    used 3941K, capacity 4301K, committed 4352K, reserved 1048576K
GC Heap History (20 events):
Event: 1.262 GC heap before
{Heap before GC invocations=0 (full 0):
 garbage-first heap   total 61440K, used 6144K [0x00000000c5200000, 0x0000000100000000)
  region size 1024K, 7 young (7168K), 0 survivors (0K)
 Metaspace       used 9580K, capacity 9754K, committed 9856K, reserved 1058816K
  class space    used 835K, capacity 890K, committed 896K, reserved 1048576K
}
Event: 1.271 GC heap after
{Heap after GC invocations=1 (full 0):
 garbage-first heap   total 61440K, used 3038K [0x00000000c5200000, 0x0000000100000000)
  region size 1024K, 1 young (1024K), 1 survivors (1024K)
 Metaspace       used 9580K, capacity 9754K, committed 9856K, reserved 1058816K
  class space    used 835K, capacity 890K, committed 896K, reserved 1048576K
}
Event: 1.431 GC heap before
{Heap before GC invocations=1 (full 0):
 garbage-first heap   total 61440K, used 5086K [0x00000000c5200000, 0x0000000100000000)
  region size 1024K, 3 young (3072K), 1 survivors (1024K)
 Metaspace       used 10288K, capacity 10496K, committed 10752K, reserved 1058816K
  class space    used 900K, capacity 988K, committed 1024K, reserved 1048576K
}
Event: 1.435 GC heap after
{Heap after GC invocations=2 (full 0):
 garbage-first heap   total 61440K, used 3300K [0x00000000c5200000, 0x0000000100000000)
  region size 1024K, 1 young (1024K), 1 survivors (1024K)
 Metaspace       used 10288K, capacity 10496K, committed 10752K, reserved 1058816K
  class space    used 900K, capacity 988K, committed 1024K, reserved 1048576K
}
Event: 2.062 GC heap before
{Heap before GC invocations=2 (full 0):
 garbage-first heap   total 61440K, used 12516K [0x00000000c5200000, 0x0000000100000000)
  region size 1024K, 11 young (11264K), 1 survivors (1024K)
 Metaspace       used 13633K, capacity 13984K, committed 14208K, reserved 1062912K
  class space    used 1305K, capacity 1387K, committed 1408K, reserved 1048576K
}
Event: 2.066 GC heap after
{Heap after GC invocations=3 (full 0):
 garbage-first heap   total 61440K, used 4060K [0x00000000c5200000, 0x0000000100000000)
  region size 1024K, 1 young (1024K), 1 survivors (1024K)
 Metaspace       used 13633K, capacity 13984K, committed 14208K, reserved 1062912K
  class space    used 1305K, capacity 1387K, committed 1408K, reserved 1048576K
}
Event: 3.189 GC heap before
{Heap before GC invocations=3 (full 0):
 garbage-first heap   total 61440K, used 29660K [0x00000000c5200000, 0x0000000100000000)
  region size 1024K, 26 young (26624K), 1 survivors (1024K)
 Metaspace       used 16064K, capacity 16423K, committed 16640K, reserved 1064960K
  class space    used 1615K, capacity 1724K, committed 1792K, reserved 1048576K
}
Event: 3.204 GC heap after
{Heap after GC invocations=4 (full 0):
 garbage-first heap   total 61440K, used 4986K [0x00000000c5200000, 0x0000000100000000)
  region size 1024K, 2 young (2048K), 2 survivors (2048K)
 Metaspace       used 16064K, capacity 16423K, committed 16640K, reserved 1064960K
  class space    used 1615K, capacity 1724K, committed 1792K, reserved 1048576K
}
Event: 4.799 GC heap before
{Heap before GC invocations=4 (full 0):
 garbage-first heap   total 61440K, used 33658K [0x00000000c5200000, 0x0000000100000000)
  region size 1024K, 30 young (30720K), 2 survivors (2048K)
 Metaspace       used 20442K, capacity 20859K, committed 21120K, reserved 1069056K
  class space    used 2164K, capacity 2305K, committed 2432K, reserved 1048576K
}
Event: 4.814 GC heap after
{Heap after GC invocations=5 (full 0):
 garbage-first heap   total 61440K, used 6772K [0x00000000c5200000, 0x0000000100000000)
  region size 1024K, 4 young (4096K), 4 survivors (4096K)
 Metaspace       used 20442K, capacity 20859K, committed 21120K, reserved 1069056K
  class space    used 2164K, capacity 2305K, committed 2432K, reserved 1048576K
}
Event: 5.036 GC heap before
{Heap before GC invocations=5 (full 0):
 garbage-first heap   total 61440K, used 8820K [0x00000000c5200000, 0x0000000100000000)
  region size 1024K, 7 young (7168K), 4 survivors (4096K)
 Metaspace       used 20786K, capacity 21154K, committed 21296K, reserved 1069056K
  class space    used 2208K, capacity 2338K, committed 2432K, reserved 1048576K
}
Event: 5.051 GC heap after
{Heap after GC invocations=6 (full 0):
 garbage-first heap   total 61440K, used 7071K [0x00000000c5200000, 0x0000000100000000)
  region size 1024K, 3 young (3072K), 3 survivors (3072K)
 Metaspace       used 20786K, capacity 21154K, committed 21296K, reserved 1069056K
  class space    used 2208K, capacity 2338K, committed 2432K, reserved 1048576K
}
Event: 6.785 GC heap before
{Heap before GC invocations=7 (full 0):
 garbage-first heap   total 61440K, used 34719K [0x00000000c5200000, 0x0000000100000000)
  region size 1024K, 30 young (30720K), 3 survivors (3072K)
 Metaspace       used 24633K, capacity 25098K, committed 25264K, reserved 1071104K
  class space    used 2628K, capacity 2778K, committed 2816K, reserved 1048576K
}
Event: 6.800 GC heap after
{Heap after GC invocations=8 (full 0):
 garbage-first heap   total 73728K, used 8687K [0x00000000c5200000, 0x0000000100000000)
  region size 1024K, 4 young (4096K), 4 survivors (4096K)
 Metaspace       used 24633K, capacity 25098K, committed 25264K, reserved 1071104K
  class space    used 2628K, capacity 2778K, committed 2816K, reserved 1048576K
}
Event: 8.915 GC heap before
{Heap before GC invocations=8 (full 0):
 garbage-first heap   total 73728K, used 41455K [0x00000000c5200000, 0x0000000100000000)
  region size 1024K, 36 young (36864K), 4 survivors (4096K)
 Metaspace       used 32877K, capacity 33674K, committed 33840K, reserved 1079296K
  class space    used 3594K, capacity 3900K, committed 3968K, reserved 1048576K
}
Event: 8.940 GC heap after
{Heap after GC invocations=9 (full 0):
 garbage-first heap   total 73728K, used 12527K [0x00000000c5200000, 0x0000000100000000)
  region size 1024K, 5 young (5120K), 5 survivors (5120K)
 Metaspace       used 32877K, capacity 33674K, committed 33840K, reserved 1079296K
  class space    used 3594K, capacity 3900K, committed 3968K, reserved 1048576K
}
Event: 11.272 GC heap before
{Heap before GC invocations=9 (full 0):
 garbage-first heap   total 73728K, used 45295K [0x00000000c5200000, 0x0000000100000000)
  region size 1024K, 37 young (37888K), 5 survivors (5120K)
 Metaspace       used 34808K, capacity 35656K, committed 35760K, reserved 1081344K
  class space    used 3758K, capacity 4084K, committed 4096K, reserved 1048576K
}
Event: 11.291 GC heap after
{Heap after GC invocations=10 (full 0):
 garbage-first heap   total 73728K, used 13423K [0x00000000c5200000, 0x0000000100000000)
  region size 1024K, 2 young (2048K), 2 survivors (2048K)
 Metaspace       used 34808K, capacity 35656K, committed 35760K, reserved 1081344K
  class space    used 3758K, capacity 4084K, committed 4096K, reserved 1048576K
}
Event: 11.380 GC heap before
{Heap before GC invocations=10 (full 0):
 garbage-first heap   total 73728K, used 14447K [0x00000000c5200000, 0x0000000100000000)
  region size 1024K, 4 young (4096K), 2 survivors (2048K)
 Metaspace       used 34952K, capacity 35866K, committed 35920K, reserved 1081344K
  class space    used 3759K, capacity 4086K, committed 4096K, reserved 1048576K
}
Event: 11.386 GC heap after
{Heap after GC invocations=11 (full 0):
 garbage-first heap   total 73728K, used 13193K [0x00000000c5200000, 0x0000000100000000)
  region size 1024K, 2 young (2048K), 2 survivors (2048K)
 Metaspace       used 34952K, capacity 35866K, committed 35920K, reserved 1081344K
  class space    used 3759K, capacity 4086K, committed 4096K, reserved 1048576K
}

